<?xml version="1.0" encoding="UTF-8"?>
<!-- Generated by org.testng.reporters.JUnitReportReporter -->
<testsuite hostname="Elviras-MacBook-Pro.local" failures="0" tests="1" name="com.class01.DifferentAnnotations" time="0.002" errors="0" timestamp="2020-05-26T20:24:28 EDT" skipped="0">
  <testcase classname="com.class01.DifferentAnnotations" name="test" time="0.002"/>
  <system-out/>
</testsuite> <!-- com.class01.DifferentAnnotations -->
