<?xml version="1.0" encoding="UTF-8"?>
<!-- Generated by org.testng.reporters.JUnitReportReporter -->
<testsuite hostname="Elviras-MacBook-Pro.local" failures="0" tests="1" name="com.class04.TaskFromRefia" time="10.688" errors="0" timestamp="2020-05-29T02:03:26 EDT" skipped="0">
  <testcase classname="com.class04.TaskFromRefia" name="validAdminLogin" time="10.688"/>
  <system-out/>
</testsuite> <!-- com.class04.TaskFromRefia -->
