<?xml version="1.0" encoding="UTF-8"?>
<!-- Generated by org.testng.reporters.JUnitReportReporter -->
<testsuite hostname="Elviras-MacBook-Pro.local" failures="0" tests="1" name="com.class01.DifferentAnnotations" time="0.011" errors="0" timestamp="2020-05-19T19:48:58 EDT" skipped="0">
  <testcase classname="com.class01.DifferentAnnotations" name="test" time="0.011"/>
  <system-out/>
</testsuite> <!-- com.class01.DifferentAnnotations -->
