<?xml version="1.0" encoding="UTF-8"?>
<!-- Generated by org.testng.reporters.JUnitReportReporter -->
<testsuite hostname="Elviras-MacBook-Pro.local" failures="0" tests="2" name="com.class02.AssertionDemo" time="4.857" errors="0" timestamp="2020-05-28T13:00:51 EDT" skipped="0">
  <testcase classname="com.class02.AssertionDemo" name="titleValidation" time="2.853"/>
  <system-out/>
  <testcase classname="com.class02.AssertionDemo" name="logoValidation" time="2.004"/>
  <system-out/>
</testsuite> <!-- com.class02.AssertionDemo -->
