<?xml version="1.0" encoding="UTF-8"?>
<!-- Generated by org.testng.reporters.JUnitReportReporter -->
<testsuite hostname="Elviras-MacBook-Pro.local" failures="0" tests="1" name="com.class01.TestNGDemo" time="0.006" errors="0" timestamp="2020-05-19T19:12:01 EDT" skipped="0">
  <testcase classname="com.class01.TestNGDemo" name="testOne" time="0.006"/>
  <system-out/>
</testsuite> <!-- com.class01.TestNGDemo -->
