<?xml version="1.0" encoding="UTF-8"?>
<!-- Generated by org.testng.reporters.JUnitReportReporter -->
<testsuite hostname="Elviras-MacBook-Pro.local" failures="0" tests="4" name="com.class03.GroupsDemo" time="0.008" errors="0" timestamp="2020-05-26T21:00:36 EDT" skipped="0">
  <testcase classname="com.class03.GroupsDemo" name="test1" time="0.005"/>
  <system-out/>
  <testcase classname="com.class03.GroupsDemo" name="test4" time="0.001"/>
  <system-out/>
  <testcase classname="com.class03.GroupsDemo" name="test3" time="0.001"/>
  <system-out/>
  <testcase classname="com.class03.GroupsDemo" name="test2" time="0.001"/>
  <system-out/>
</testsuite> <!-- com.class03.GroupsDemo -->
