<?xml version="1.0" encoding="UTF-8"?>
<!-- Generated by org.testng.reporters.JUnitReportReporter -->
<testsuite hostname="Elviras-MacBook-Pro.local" failures="0" tests="3" name="com.test.LoginTest" time="10.915" errors="0" timestamp="2020-05-28T13:18:58 EDT" skipped="0">
  <testcase classname="com.test.LoginTest" name="invalidPasswordLogin" time="3.722"/>
  <system-out/>
  <testcase classname="com.test.LoginTest" name="emptyUsernameLogin" time="2.784"/>
  <system-out/>
  <testcase classname="com.test.LoginTest" name="validAdminLogin" time="4.409"/>
  <system-out/>
</testsuite> <!-- com.test.LoginTest -->
