<?xml version="1.0" encoding="UTF-8"?>
<!-- Generated by org.testng.reporters.JUnitReportReporter -->
<testsuite hostname="Elviras-MacBook-Pro.local" failures="0" tests="3" name="com.class01.TestNGDemo" time="0.008" errors="0" timestamp="2020-05-21T13:15:53 EDT" skipped="0">
  <testcase classname="com.class01.TestNGDemo" name="testOne" time="0.006"/>
  <system-out/>
  <testcase classname="com.class01.TestNGDemo" name="testThree" time="0.001"/>
  <system-out/>
  <testcase classname="com.class01.TestNGDemo" name="testTwo" time="0.001"/>
  <system-out/>
</testsuite> <!-- com.class01.TestNGDemo -->
