<?xml version="1.0" encoding="UTF-8"?>
<!-- Generated by org.testng.reporters.JUnitReportReporter -->
<testsuite hostname="Elviras-MacBook-Pro.local" failures="0" tests="1" name="com.class02.NewTest" time="27.233" errors="0" timestamp="2020-05-22T14:06:50 EDT" skipped="0">
  <testcase classname="com.class02.NewTest" name="f" time="27.233"/>
  <system-out/>
</testsuite> <!-- com.class02.NewTest -->
