<?xml version="1.0" encoding="UTF-8"?>
<!-- Generated by org.testng.reporters.JUnitReportReporter -->
<testsuite hostname="Elviras-MacBook-Pro.local" failures="0" tests="5" name="com.class02.Task1" time="0.015" errors="0" timestamp="2020-05-21T15:04:44 EDT" skipped="1">
  <testcase classname="com.class02.Task1" name="fourthMethod" time="0.008"/>
  <system-out/>
  <testcase classname="com.class02.Task1" name="thirdMethod" time="0.002"/>
  <system-out/>
  <testcase classname="com.class02.Task1" name="secondMethod" time="0.004"/>
  <system-out/>
  <testcase classname="com.class02.Task1" name="firstMethod" time="0.001"/>
  <system-out/>
  <testcase classname="com.class02.Task1" name="firstMethod1">
    <skipped/>
  </testcase> <!-- firstMethod1 -->
  <system-out/>
</testsuite> <!-- com.class02.Task1 -->
