<?xml version="1.0" encoding="UTF-8"?>
<!-- Generated by org.testng.reporters.JUnitReportReporter -->
<testsuite hostname="Elviras-MacBook-Pro.local" failures="0" tests="5" name="com.class03.HWwithRefia" time="51.962" errors="0" timestamp="2020-05-29T03:47:58 EDT" skipped="0">
  <testcase classname="com.class03.HWwithRefia" name="addEmployee" time="11.872"/>
  <system-out/>
  <testcase classname="com.class03.HWwithRefia" name="addEmployee" time="9.690"/>
  <system-out/>
  <testcase classname="com.class03.HWwithRefia" name="addEmployee" time="10.116"/>
  <system-out/>
  <testcase classname="com.class03.HWwithRefia" name="addEmployee" time="9.767"/>
  <system-out/>
  <testcase classname="com.class03.HWwithRefia" name="addEmployee" time="10.517"/>
  <system-out/>
</testsuite> <!-- com.class03.HWwithRefia -->
